<?xml version="1.0" encoding="UTF-8"?>
<robot generator="Robot 5.0.1 (Python 3.10.6 on win32)" generated="20230412 12:46:07.842" rpa="false" schemaversion="3">
<suite id="s1" name="calculadora Win11" source="C:\Users\Daniel\Documents\Workspace-study\Robot\calculadora_Win11.robot">
<kw name="Run Keywords" library="BuiltIn" type="SETUP">
<arg>Start Sikuli Process</arg>
<arg>AND</arg>
<arg>Iniciar imagens</arg>
<doc>Executes all the given keywords in a sequence.</doc>
<kw name="Start Sikuli Process" library="SikuliLibrary">
<msg timestamp="20230412 12:46:10.975" level="INFO">Starting process:
java -jar C:\Users\Daniel\AppData\Local\Programs\Python\Python310\lib\site-packages\SikuliLibrary\lib\SikuliLibrary.jar 64084 C:\Users\Daniel\Documents\Workspace-study\Robot</msg>
<msg timestamp="20230412 12:46:10.979" level="INFO">Start sikuli java process on port 64084</msg>
<msg timestamp="20230412 12:46:12.038" level="INFO">Sikuli java process is started</msg>
<status status="PASS" starttime="20230412 12:46:10.974" endtime="20230412 12:46:13.974"/>
</kw>
<kw name="Iniciar imagens">
<kw name="Add Image Path" library="SikuliLibrary">
<arg>C:\\Users\\Daniel\\Documents\\Workspace-study\\Robot${/}tests</arg>
<doc>Add image path</doc>
<status status="PASS" starttime="20230412 12:46:13.975" endtime="20230412 12:46:13.990"/>
</kw>
<status status="PASS" starttime="20230412 12:46:13.974" endtime="20230412 12:46:13.991"/>
</kw>
<status status="PASS" starttime="20230412 12:46:10.973" endtime="20230412 12:46:13.991"/>
</kw>
<test id="s1-t1" name="Abrir Calculadora" line="16">
<kw name="CLicar no botao do windows">
<kw name="Click" library="SikuliLibrary">
<arg>${BOTAO_WIN}</arg>
<doc>Click</doc>
<msg timestamp="20230412 12:46:15.180" level="INFO" html="true">&lt;img src='sikuli_captured/sikuliximage-1681314374392.png'/&gt;
[log] CLICK on L[722,1056]@S(0) (571 msec)</msg>
<status status="PASS" starttime="20230412 12:46:13.992" endtime="20230412 12:46:15.180"/>
</kw>
<status status="PASS" starttime="20230412 12:46:13.991" endtime="20230412 12:46:15.181"/>
</kw>
<kw name="clicar na barra de pesquisa">
<kw name="Click" library="SikuliLibrary">
<arg>${BARRA}</arg>
<doc>Click</doc>
<msg timestamp="20230412 12:46:16.394" level="INFO" html="true">&lt;img src='sikuli_captured/sikuliximage-1681314375586.png'/&gt;
[log] CLICK on L[884,348]@S(0) (580 msec)</msg>
<status status="PASS" starttime="20230412 12:46:15.181" endtime="20230412 12:46:16.394"/>
</kw>
<status status="PASS" starttime="20230412 12:46:15.181" endtime="20230412 12:46:16.394"/>
</kw>
<kw name="digitar no campo">
<kw name="Input Text" library="SikuliLibrary">
<arg>${PESQUISAR}</arg>
<arg>calculadora</arg>
<doc>Input text.
 Image could be empty</doc>
<msg timestamp="20230412 12:46:18.806" level="INFO">Input Text:
calculadora</msg>
<msg timestamp="20230412 12:46:18.806" level="INFO" html="true">&lt;img src='sikuli_captured/sikuliximage-1681314376965.png'/&gt;
[log] CLICK on L[775,347]@S(0) (574 msec)
[log]  TYPE "calculadora"</msg>
<status status="PASS" starttime="20230412 12:46:16.395" endtime="20230412 12:46:18.807"/>
</kw>
<status status="PASS" starttime="20230412 12:46:16.395" endtime="20230412 12:46:18.807"/>
</kw>
<kw name="clicar na calculadora">
<kw name="Click" library="SikuliLibrary">
<arg>${CALCULADORA}</arg>
<doc>Click</doc>
<msg timestamp="20230412 12:46:19.815" level="INFO" html="true">&lt;img src='sikuli_captured/sikuliximage-1681314379042.png'/&gt;
[log] CLICK on L[692,502]@S(0) (570 msec)</msg>
<status status="PASS" starttime="20230412 12:46:18.807" endtime="20230412 12:46:19.815"/>
</kw>
<status status="PASS" starttime="20230412 12:46:18.807" endtime="20230412 12:46:19.815"/>
</kw>
<kw name="Stop Remote Server" library="SikuliLibrary" type="TEARDOWN">
<doc>Stops the remote server.</doc>
<msg timestamp="20230412 12:46:19.821" level="INFO">Robot Framework remote server stopping</msg>
<status status="PASS" starttime="20230412 12:46:19.816" endtime="20230412 12:46:19.821"/>
</kw>
<status status="PASS" starttime="20230412 12:46:13.991" endtime="20230412 12:46:19.824"/>
</test>
<doc>Sikuli Library Click In Example</doc>
<status status="PASS" starttime="20230412 12:46:07.843" endtime="20230412 12:46:19.826"/>
</suite>
<statistics>
<total>
<stat pass="1" fail="0" skip="0">All Tests</stat>
</total>
<tag>
</tag>
<suite>
<stat pass="1" fail="0" skip="0" id="s1" name="calculadora Win11">calculadora Win11</stat>
</suite>
</statistics>
<errors>
</errors>
</robot>
